0 info it worked if it ends with ok
1 verbose cli [ '/usr/local/bin/node',
1 verbose cli   '/usr/local/bin/npm',
1 verbose cli   'install',
1 verbose cli   '-g',
1 verbose cli   'ionic' ]
2 info using npm@2.14.7
3 info using node@v4.2.1
4 verbose install initial load of /usr/local/lib/package.json
5 verbose readDependencies loading dependencies from /usr/local/lib/package.json
6 silly cache add args [ 'ionic', null ]
7 verbose cache add spec ionic
8 silly cache add parsed spec Result {
8 silly cache add   raw: 'ionic',
8 silly cache add   scope: null,
8 silly cache add   name: 'ionic',
8 silly cache add   rawSpec: '',
8 silly cache add   spec: '*',
8 silly cache add   type: 'range' }
9 silly addNamed ionic@*
10 verbose addNamed "*" is a valid semver range for ionic
11 silly addNameRange { name: 'ionic', range: '*', hasData: false }
12 silly mapToRegistry name ionic
13 silly mapToRegistry using default registry
14 silly mapToRegistry registry https://registry.npmjs.org/
15 silly mapToRegistry uri https://registry.npmjs.org/ionic
16 verbose addNameRange registry:https://registry.npmjs.org/ionic not in flight; fetching
17 verbose request uri https://registry.npmjs.org/ionic
18 verbose request no auth needed
19 info attempt registry request try #1 at 20:31:41
20 verbose request id ccb73bc682bab409
21 verbose etag "1HUSA7081Z4G6S9QSRY0VOKIC"
22 http request GET https://registry.npmjs.org/ionic
23 http 304 https://registry.npmjs.org/ionic
24 verbose headers { date: 'Sat, 17 Oct 2015 12:31:44 GMT',
24 verbose headers   via: '1.1 varnish',
24 verbose headers   'cache-control': 'max-age=60',
24 verbose headers   etag: '"1HUSA7081Z4G6S9QSRY0VOKIC"',
24 verbose headers   age: '0',
24 verbose headers   connection: 'keep-alive',
24 verbose headers   'x-served-by': 'cache-nrt6123-NRT',
24 verbose headers   'x-cache': 'HIT',
24 verbose headers   'x-cache-hits': '1',
24 verbose headers   'x-timer': 'S1445085104.288670,VS0,VE195',
24 verbose headers   vary: 'Accept' }
25 silly get cb [ 304,
25 silly get   { date: 'Sat, 17 Oct 2015 12:31:44 GMT',
25 silly get     via: '1.1 varnish',
25 silly get     'cache-control': 'max-age=60',
25 silly get     etag: '"1HUSA7081Z4G6S9QSRY0VOKIC"',
25 silly get     age: '0',
25 silly get     connection: 'keep-alive',
25 silly get     'x-served-by': 'cache-nrt6123-NRT',
25 silly get     'x-cache': 'HIT',
25 silly get     'x-cache-hits': '1',
25 silly get     'x-timer': 'S1445085104.288670,VS0,VE195',
25 silly get     vary: 'Accept' } ]
26 verbose etag https://registry.npmjs.org/ionic from cache
27 verbose get saving ionic to /Users/xiaolibird/.npm/registry.npmjs.org/ionic/.cache.json
28 silly addNameRange number 2 { name: 'ionic', range: '*', hasData: true }
29 silly addNameRange versions [ 'ionic',
29 silly addNameRange   [ '0.9.6',
29 silly addNameRange     '0.9.8',
29 silly addNameRange     '0.9.9',
29 silly addNameRange     '0.9.10',
29 silly addNameRange     '0.9.11',
29 silly addNameRange     '0.9.12',
29 silly addNameRange     '0.9.13',
29 silly addNameRange     '0.9.14',
29 silly addNameRange     '0.9.15',
29 silly addNameRange     '0.9.16',
29 silly addNameRange     '1.0.0-beta.1',
29 silly addNameRange     '1.0.0-beta',
29 silly addNameRange     '1.0.1-beta',
29 silly addNameRange     '1.0.3-beta',
29 silly addNameRange     '1.0.4',
29 silly addNameRange     '1.0.5',
29 silly addNameRange     '1.0.6',
29 silly addNameRange     '1.0.7',
29 silly addNameRange     '1.0.8',
29 silly addNameRange     '1.0.9',
29 silly addNameRange     '1.0.10',
29 silly addNameRange     '1.0.11',
29 silly addNameRange     '1.0.12',
29 silly addNameRange     '1.0.13',
29 silly addNameRange     '1.0.14',
29 silly addNameRange     '1.0.15',
29 silly addNameRange     '1.0.16',
29 silly addNameRange     '1.0.17',
29 silly addNameRange     '1.1.0-beta1',
29 silly addNameRange     '1.1.0-beta2',
29 silly addNameRange     '1.1.0-beta3',
29 silly addNameRange     '1.1.0-beta4',
29 silly addNameRange     '1.1.0-beta5',
29 silly addNameRange     '1.1.0-beta6',
29 silly addNameRange     '1.1.0',
29 silly addNameRange     '1.1.1-beta1',
29 silly addNameRange     '1.1.1-beta2',
29 silly addNameRange     '1.1.1-beta3',
29 silly addNameRange     '1.1.1',
29 silly addNameRange     '1.1.3',
29 silly addNameRange     '1.1.4',
29 silly addNameRange     '1.1.5-beta1',
29 silly addNameRange     '1.1.5-beta2',
29 silly addNameRange     '1.1.5-beta3',
29 silly addNameRange     '1.1.5-beta4',
29 silly addNameRange     '1.1.5-beta5',
29 silly addNameRange     '1.1.5',
29 silly addNameRange     '1.1.6',
29 silly addNameRange     '1.1.7-beta1',
29 silly addNameRange     '1.1.7',
29 silly addNameRange     '1.1.8-beta1',
29 silly addNameRange     '1.1.8-beta2',
29 silly addNameRange     '1.1.8-beta3',
29 silly addNameRange     '1.1.8-beta4',
29 silly addNameRange     '1.1.8-beta5',
29 silly addNameRange     '1.1.8',
29 silly addNameRange     '1.1.9-beta1',
29 silly addNameRange     '1.1.9',
29 silly addNameRange     '1.1.10',
29 silly addNameRange     '1.1.11-beta1',
29 silly addNameRange     '1.1.11-beta2',
29 silly addNameRange     '1.1.11',
29 silly addNameRange     '1.1.12-beta1',
29 silly addNameRange     '1.1.12-beta2',
29 silly addNameRange     '1.1.12-beta3',
29 silly addNameRange     '1.1.12',
29 silly addNameRange     '1.1.13',
29 silly addNameRange     '1.1.14-beta1',
29 silly addNameRange     '1.1.14-beta2',
29 silly addNameRange     '1.1.14-beta3',
29 silly addNameRange     '1.2.0-beta1',
29 silly addNameRange     '1.2.0',
29 silly addNameRange     '1.2.1-beta1',
29 silly addNameRange     '1.2.1-beta2',
29 silly addNameRange     '1.2.1-beta3',
29 silly addNameRange     '1.2.1-beta4',
29 silly addNameRange     '1.2.1',
29 silly addNameRange     '1.2.2',
29 silly addNameRange     '1.2.3-beta1',
29 silly addNameRange     '1.2.3-beta2',
29 silly addNameRange     '1.2.3-beta3',
29 silly addNameRange     '1.2.3',
29 silly addNameRange     '1.2.4-beta1',
29 silly addNameRange     '1.2.4-beta2',
29 silly addNameRange     '1.2.4-beta3',
29 silly addNameRange     '1.2.4',
29 silly addNameRange     '1.2.5-beta1',
29 silly addNameRange     '1.2.5-beta2',
29 silly addNameRange     '1.2.5-beta3',
29 silly addNameRange     '1.2.5',
29 silly addNameRange     '1.2.6-beta1',
29 silly addNameRange     '1.2.6-beta2',
29 silly addNameRange     '1.2.6-beta3',
29 silly addNameRange     '1.2.6',
29 silly addNameRange     '1.2.7',
29 silly addNameRange     '1.2.8-beta1',
29 silly addNameRange     '1.2.8-beta2',
29 silly addNameRange     '1.2.8',
29 silly addNameRange     '1.2.9',
29 silly addNameRange     '1.2.10',
29 silly addNameRange     '1.2.11',
29 silly addNameRange     '1.2.12',
29 silly addNameRange     '1.2.13',
29 silly addNameRange     '1.2.14-beta1',
29 silly addNameRange     '1.2.14-beta2',
29 silly addNameRange     '1.2.14-beta3',
29 silly addNameRange     '1.2.14-beta4',
29 silly addNameRange     '1.2.14-beta5',
29 silly addNameRange     '1.2.14-beta6',
29 silly addNameRange     '1.2.14',
29 silly addNameRange     '1.3.0-beta1',
29 silly addNameRange     '1.3.0',
29 silly addNameRange     '1.3.1',
29 silly addNameRange     '1.3.2',
29 silly addNameRange     '1.3.3',
29 silly addNameRange     '1.3.4',
29 silly addNameRange     '1.3.5',
29 silly addNameRange     '1.3.6',
29 silly addNameRange     '1.3.7',
29 silly addNameRange     '1.3.8',
29 silly addNameRange     '1.3.9',
29 silly addNameRange     '1.3.10',
29 silly addNameRange     '1.4.0-alpha.1',
29 silly addNameRange     '1.3.11',
29 silly addNameRange     '1.3.1-1.alpha.0',
29 silly addNameRange     '1.4.0-alpha.2',
29 silly addNameRange     '1.3.12',
29 silly addNameRange     '1.3.12-beta.1',
29 silly addNameRange     '1.3.12-beta.2',
29 silly addNameRange     '1.3.13-beta.0',
29 silly addNameRange     '1.3.1-3.beta.1',
29 silly addNameRange     '1.3.1-3.beta.2',
29 silly addNameRange     '1.3.13',
29 silly addNameRange     '1.3.1-3.beta.4',
29 silly addNameRange     '1.3.14-beta',
29 silly addNameRange     '1.3.14-beta.1',
29 silly addNameRange     '1.4.0-alpha.3',
29 silly addNameRange     '1.3.14',
29 silly addNameRange     '1.4.0-alpha.4',
29 silly addNameRange     '1.4.0-alpha.5',
29 silly addNameRange     '1.3.15-beta.0',
29 silly addNameRange     '1.3.15-beta.1',
29 silly addNameRange     '1.3.15-beta.2',
29 silly addNameRange     '1.3.15-beta.3',
29 silly addNameRange     '1.3.15-beta.4',
29 silly addNameRange     '1.3.15',
29 silly addNameRange     '1.3.16',
29 silly addNameRange     '1.4.0-alpha.6',
29 silly addNameRange     '1.3.17-beta.0',
29 silly addNameRange     '1.3.17-beta.1',
29 silly addNameRange     '1.3.17-beta.2',
29 silly addNameRange     '1.3.17-beta.3',
29 silly addNameRange     '1.3.1-7.beta.4',
29 silly addNameRange     '1.3.17',
29 silly addNameRange     '1.3.18-beta.0',
29 silly addNameRange     '1.3.18-beta.1',
29 silly addNameRange     '1.3.18-beta.2',
29 silly addNameRange     '1.3.18-beta.3',
29 silly addNameRange     '1.3.18',
29 silly addNameRange     '1.3.19-beta.0',
29 silly addNameRange     '1.3.19-beta.1',
29 silly addNameRange     '1.3.19-beta.2',
29 silly addNameRange     '1.3.19-beta.3',
29 silly addNameRange     '1.3.19-beta.4',
29 silly addNameRange     '1.3.19',
29 silly addNameRange     '1.3.20',
29 silly addNameRange     '1.4.1-beta.0',
29 silly addNameRange     '1.4.0-beta.1',
29 silly addNameRange     '1.4.0-beta.2',
29 silly addNameRange     '1.4.0-beta.3',
29 silly addNameRange     '1.4.0-beta.5',
29 silly addNameRange     '1.4.0-beta.6',
29 silly addNameRange     '1.4.0-beta.7',
29 silly addNameRange     '1.3.21-beta.0',
29 silly addNameRange     '1.3.21-beta.1',
29 silly addNameRange     '1.3.21',
29 silly addNameRange     '1.3.22',
29 silly addNameRange     '1.4.0-beta.8',
29 silly addNameRange     '1.4.0-beta.9',
29 silly addNameRange     '1.4.0-beta.10',
29 silly addNameRange     '1.4.0-beta.11',
29 silly addNameRange     '1.4.0-beta.12',
29 silly addNameRange     '1.4.0-beta.13',
29 silly addNameRange     '1.4.0-beta.14',
29 silly addNameRange     '1.4.0-beta.15',
29 silly addNameRange     '1.4.0-beta.16',
29 silly addNameRange     '1.4.0-beta.17',
29 silly addNameRange     '1.4.0-beta.18',
29 silly addNameRange     '1.4.0',
29 silly addNameRange     '1.4.1',
29 silly addNameRange     '1.4.2',
29 silly addNameRange     '1.4.3',
29 silly addNameRange     '1.4.4-beta.0',
29 silly addNameRange     '1.4.4-beta.2',
29 silly addNameRange     '1.4.4',
29 silly addNameRange     '1.4.5-beta.0',
29 silly addNameRange     '1.4.5-beta.1',
29 silly addNameRange     '1.4.5-beta.2',
29 silly addNameRange     '1.4.5-beta.3',
29 silly addNameRange     '1.4.5',
29 silly addNameRange     '1.4.6-beta.0',
29 silly addNameRange     '1.4.6',
29 silly addNameRange     '1.4.7',
29 silly addNameRange     '1.4.8',
29 silly addNameRange     '1.5.0-beta.0',
29 silly addNameRange     '1.5.0-beta.1',
29 silly addNameRange     '1.5.0',
29 silly addNameRange     '1.5.1-beta.0',
29 silly addNameRange     '1.5.1-beta.1',
29 silly addNameRange     '1.5.1-beta.2',
29 silly addNameRange     '1.5.1-beta.3',
29 silly addNameRange     '1.5.1-beta.4',
29 silly addNameRange     '1.5.1',
29 silly addNameRange     '1.5.2',
29 silly addNameRange     '1.5.3',
29 silly addNameRange     '1.5.4',
29 silly addNameRange     '1.5.5',
29 silly addNameRange     '1.6.0-beta.1',
29 silly addNameRange     '1.6.0',
29 silly addNameRange     '1.6.1',
29 silly addNameRange     '1.6.2-beta.0',
29 silly addNameRange     '1.6.2-beta.1',
29 silly addNameRange     '1.6.2-beta.2',
29 silly addNameRange     '1.6.2',
29 silly addNameRange     '1.6.3-beta.0',
29 silly addNameRange     '1.6.3-beta.1',
29 silly addNameRange     '1.6.3',
29 silly addNameRange     '1.6.4-beta.0',
29 silly addNameRange     '1.6.4-beta.1',
29 silly addNameRange     '1.6.4',
29 silly addNameRange     '1.7.0-beta.0',
29 silly addNameRange     '1.7.0-beta.1',
29 silly addNameRange     '1.7.0-beta.2',
29 silly addNameRange     '1.7.0-beta.3',
29 silly addNameRange     '2.0.0-alpha.1',
29 silly addNameRange     '2.0.0-alpha.3',
29 silly addNameRange     '1.7.0-beta.4',
29 silly addNameRange     '1.6.5-testing.0',
29 silly addNameRange     '1.6.5-testing.1',
29 silly addNameRange     '1.6.5-testing.2',
29 silly addNameRange     '1.6.5-testing.3',
29 silly addNameRange     '1.6.5',
29 silly addNameRange     '2.0.0-alpha.4',
29 silly addNameRange     '1.7.0-beta.5',
29 silly addNameRange     '1.7.0-beta.6',
29 silly addNameRange     '1.7.0',
29 silly addNameRange     '2.0.0-alpha.5',
29 silly addNameRange     '2.0.0-alpha.6',
29 silly addNameRange     '1.7.1',
29 silly addNameRange     '2.0.0-alpha.7',
29 silly addNameRange     '2.0.0-alpha.8',
29 silly addNameRange     '1.7.2',
29 silly addNameRange     '1.7.3',
29 silly addNameRange     '1.7.4',
29 silly addNameRange     '1.7.5',
29 silly addNameRange     '1.7.6',
29 silly addNameRange     '1.7.7-beta.0',
29 silly addNameRange     '2.0.0-alpha.9' ] ]
30 silly addNamed ionic@1.7.6
31 verbose addNamed "1.7.6" is a plain semver version for ionic
32 silly cache afterAdd ionic@1.7.6
33 verbose afterAdd /Users/xiaolibird/.npm/ionic/1.7.6/package/package.json not in flight; writing
34 verbose afterAdd /Users/xiaolibird/.npm/ionic/1.7.6/package/package.json written
35 silly install resolved [ { name: 'ionic',
35 silly install resolved     version: '1.7.6',
35 silly install resolved     preferGlobal: true,
35 silly install resolved     description: 'A tool for creating and developing Ionic Framework mobile apps.',
35 silly install resolved     homepage: 'http://ionicframework.com/',
35 silly install resolved     bin: { ionic: 'bin/ionic' },
35 silly install resolved     scripts:
35 silly install resolved      { bump: 'node lib/tasks/bumpversion',
35 silly install resolved        'beta-bump': 'node lib/tasks/bumpversion --level pre --identifier beta',
35 silly install resolved        'publish-release': 'node lib/tasks/bumpversion --npmPublish',
35 silly install resolved        'publish-tag': 'node lib/tasks/bumpversion --level beta --npmPublishTag',
35 silly install resolved        'full-release': 'node lib/tasks/bumpversion --npmInstall --git --npmPublish',
35 silly install resolved        test: 'npm run jasmine',
35 silly install resolved        e2e: 'jasmine-node --captureExceptions ./e2e',
35 silly install resolved        jasmine: 'jasmine-node --captureExceptions  ./spec' },
35 silly install resolved     keywords:
35 silly install resolved      [ 'ionic',
35 silly install resolved        'ionic framework',
35 silly install resolved        'ionicframework',
35 silly install resolved        'mobile',
35 silly install resolved        'app',
35 silly install resolved        'hybrid',
35 silly install resolved        'cordova',
35 silly install resolved        'phonegap' ],
35 silly install resolved     repository:
35 silly install resolved      { type: 'git',
35 silly install resolved        url: 'git+https://github.com/driftyco/ionic-cli.git' },
35 silly install resolved     contributors: [ [Object], [Object], [Object], [Object] ],
35 silly install resolved     license: 'MIT',
35 silly install resolved     dependencies:
35 silly install resolved      { async: '^0.9.0',
35 silly install resolved        cheerio: '^0.19.0',
35 silly install resolved        'cli-table': '^0.3.1',
35 silly install resolved        colors: '0.6.2',
35 silly install resolved        connect: '3.1.1',
35 silly install resolved        'connect-livereload': '0.5.2',
35 silly install resolved        crc: '3.2.1',
35 silly install resolved        'cross-spawn': '0.2.3',
35 silly install resolved        'event-stream': '3.0.x',
35 silly install resolved        'expand-tilde': '^1.2.0',
35 silly install resolved        finalhandler: '0.2.0',
35 silly install resolved        'form-data': '0.1.4',
35 silly install resolved        gulp: '3.8.8',
35 silly install resolved        'ionic-app-lib': '0.6.2',
35 silly install resolved        moment: '^2.10.6',
35 silly install resolved        ncp: '0.4.2',
35 silly install resolved        npm: '2.1.3',
35 silly install resolved        'opbeat-ionic': '^1.1.3',
35 silly install resolved        open: '0.0.5',
35 silly install resolved        optimist: '0.6.0',
35 silly install resolved        progress: '1.1.7',
35 silly install resolved        prompt: '0.2.12',
35 silly install resolved        'proxy-middleware': '^0.7.0',
35 silly install resolved        q: '1.0.1',
35 silly install resolved        request: '2.51.0',
35 silly install resolved        semver: '^4.2.0',
35 silly install resolved        'serve-static': '1.7.1',
35 silly install resolved        shelljs: '0.2.6',
35 silly install resolved        'tiny-lr-fork': '0.0.5',
35 silly install resolved        underscore: '~1.7.0',
35 silly install resolved        unzip: '0.1.9',
35 silly install resolved        'vinyl-fs': '0.3.7',
35 silly install resolved        xml2js: '0.4.4' },
35 silly install resolved     devDependencies: { 'jasmine-node': '^1.14.5', rewire: '^2.3.4' },
35 silly install resolved     gitHead: 'd3acf444917dc59eaeec145a6d1ac3d7695616d1',
35 silly install resolved     bugs: { url: 'https://github.com/driftyco/ionic-cli/issues' },
35 silly install resolved     _id: 'ionic@1.7.6',
35 silly install resolved     _shasum: '3625f523a8530fc93990caca893ed98a731e2ef2',
35 silly install resolved     _from: 'ionic@*',
35 silly install resolved     _npmVersion: '2.12.1',
35 silly install resolved     _nodeVersion: '0.12.7',
35 silly install resolved     _npmUser: { name: 'dwieeb', email: 'dwieeb@gmail.com' },
35 silly install resolved     dist:
35 silly install resolved      { shasum: '3625f523a8530fc93990caca893ed98a731e2ef2',
35 silly install resolved        tarball: 'http://registry.npmjs.org/ionic/-/ionic-1.7.6.tgz' },
35 silly install resolved     maintainers: [ [Object], [Object], [Object], [Object], [Object], [Object] ],
35 silly install resolved     directories: {},
35 silly install resolved     _resolved: 'https://registry.npmjs.org/ionic/-/ionic-1.7.6.tgz',
35 silly install resolved     readme: 'ERROR: No README data found!' } ]
36 info install ionic@1.7.6 into /usr/local/lib
37 info installOne ionic@1.7.6
38 verbose installOne of ionic to /usr/local/lib not in flight; installing
39 verbose lock using /Users/xiaolibird/.npm/_locks/ionic-61c0cd50dc7a1457.lock for /usr/local/lib/node_modules/ionic
40 silly install write writing ionic 1.7.6 to /usr/local/lib/node_modules/ionic
41 verbose unbuild lib/node_modules/ionic
42 silly gentlyRm /usr/local/lib/node_modules/ionic is being purged from base /usr/local
43 verbose gentlyRm don't care about contents; nuking /usr/local/lib/node_modules/ionic
44 verbose tar unpack /Users/xiaolibird/.npm/ionic/1.7.6/package.tgz
45 verbose tar unpacking to /usr/local/lib/node_modules/ionic
46 silly gentlyRm /usr/local/lib/node_modules/ionic is being purged
47 verbose gentlyRm don't care about contents; nuking /usr/local/lib/node_modules/ionic
48 silly gunzTarPerm modes [ '755', '644' ]
49 error tar.unpack untar error /Users/xiaolibird/.npm/ionic/1.7.6/package.tgz
50 verbose unlock done using /Users/xiaolibird/.npm/_locks/ionic-61c0cd50dc7a1457.lock for /usr/local/lib/node_modules/ionic
51 verbose fstream_path /usr/local/lib/node_modules/ionic
52 verbose fstream_type Directory
53 verbose fstream_class DirWriter
54 verbose stack Error: EACCES: permission denied, mkdir '/usr/local/lib/node_modules/ionic'
54 verbose stack     at Error (native)
55 verbose fstream_stack /usr/local/lib/node_modules/npm/node_modules/fstream/lib/dir-writer.js:35:25
55 verbose fstream_stack /usr/local/lib/node_modules/npm/node_modules/mkdirp/index.js:47:53
55 verbose fstream_stack FSReqWrap.oncomplete (fs.js:82:15)
56 verbose cwd /Users/xiaolibird/Desktop/myApp
57 error Darwin 14.4.0
58 error argv "/usr/local/bin/node" "/usr/local/bin/npm" "install" "-g" "ionic"
59 error node v4.2.1
60 error npm  v2.14.7
61 error path /usr/local/lib/node_modules/ionic
62 error code EACCES
63 error errno -13
64 error syscall mkdir
65 error Error: EACCES: permission denied, mkdir '/usr/local/lib/node_modules/ionic'
65 error     at Error (native)
65 error  { [Error: EACCES: permission denied, mkdir '/usr/local/lib/node_modules/ionic']
65 error   errno: -13,
65 error   code: 'EACCES',
65 error   syscall: 'mkdir',
65 error   path: '/usr/local/lib/node_modules/ionic',
65 error   fstream_type: 'Directory',
65 error   fstream_path: '/usr/local/lib/node_modules/ionic',
65 error   fstream_class: 'DirWriter',
65 error   fstream_stack:
65 error    [ '/usr/local/lib/node_modules/npm/node_modules/fstream/lib/dir-writer.js:35:25',
65 error      '/usr/local/lib/node_modules/npm/node_modules/mkdirp/index.js:47:53',
65 error      'FSReqWrap.oncomplete (fs.js:82:15)' ] }
66 error Please try running this command again as root/Administrator.
67 verbose exit [ -13, true ]
68 verbose unbuild lib/node_modules/ionic
69 silly gentlyRm /usr/local/lib/node_modules/ionic is being purged from base /usr/local
70 verbose gentlyRm don't care about contents; nuking /usr/local/lib/node_modules/ionic
